{"/home/nirdesh/assignments/Bookstore/index.js": {"path":"/home/nirdesh/assignments/Bookstore/index.js","statementMap":{"0":{"start":{"line":1,"column":15},"end":{"line":1,"column":32}},"1":{"start":{"line":2,"column":14},"end":{"line":2,"column":39}},"2":{"start":{"line":3,"column":14},"end":{"line":3,"column":39}},"3":{"start":{"line":4,"column":15},"end":{"line":4,"column":41}},"4":{"start":{"line":5,"column":14},"end":{"line":5,"column":44}},"5":{"start":{"line":6,"column":17},"end":{"line":6,"column":36}},"6":{"start":{"line":7,"column":16},"end":{"line":7,"column":34}},"7":{"start":{"line":8,"column":0},"end":{"line":8,"column":32}},"8":{"start":{"line":9,"column":12},"end":{"line":9,"column":21}},"9":{"start":{"line":12,"column":0},"end":{"line":15,"column":1}},"10":{"start":{"line":13,"column":4},"end":{"line":13,"column":64}},"11":{"start":{"line":14,"column":4},"end":{"line":14,"column":20}},"12":{"start":{"line":18,"column":0},"end":{"line":20,"column":70}},"13":{"start":{"line":19,"column":16},"end":{"line":19,"column":54}},"14":{"start":{"line":20,"column":20},"end":{"line":20,"column":68}},"15":{"start":{"line":23,"column":0},"end":{"line":23,"column":24}},"16":{"start":{"line":24,"column":0},"end":{"line":24,"column":29}},"17":{"start":{"line":25,"column":0},"end":{"line":25,"column":31}},"18":{"start":{"line":26,"column":0},"end":{"line":26,"column":29}},"19":{"start":{"line":27,"column":0},"end":{"line":27,"column":15}},"20":{"start":{"line":29,"column":0},"end":{"line":29,"column":21}}},"fnMap":{"0":{"name":"(anonymous_0)","decl":{"start":{"line":19,"column":10},"end":{"line":19,"column":11}},"loc":{"start":{"line":19,"column":16},"end":{"line":19,"column":54}},"line":19},"1":{"name":"(anonymous_1)","decl":{"start":{"line":20,"column":11},"end":{"line":20,"column":12}},"loc":{"start":{"line":20,"column":20},"end":{"line":20,"column":68}},"line":20}},"branchMap":{"0":{"loc":{"start":{"line":12,"column":0},"end":{"line":15,"column":1}},"type":"if","locations":[{"start":{"line":12,"column":0},"end":{"line":15,"column":1}},{"start":{"line":12,"column":0},"end":{"line":15,"column":1}}],"line":12}},"s":{"0":3,"1":3,"2":3,"3":3,"4":3,"5":3,"6":3,"7":3,"8":3,"9":3,"10":0,"11":0,"12":3,"13":3,"14":0,"15":3,"16":3,"17":3,"18":3,"19":3,"20":3},"f":{"0":3,"1":0},"b":{"0":[0,3]},"_coverageSchema":"1a1c01bbd47fc00a2c39e90264f33305004495a9","hash":"109e22e8f94407a2e5c7a95392bee7c85a4f39db"}
,"/home/nirdesh/assignments/Bookstore/data/books.js": {"path":"/home/nirdesh/assignments/Bookstore/data/books.js","statementMap":{"0":{"start":{"line":3,"column":4},"end":{"line":3,"column":29}},"1":{"start":{"line":10,"column":17},"end":{"line":10,"column":51}},"2":{"start":{"line":11,"column":4},"end":{"line":11,"column":16}},"3":{"start":{"line":14,"column":0},"end":{"line":14,"column":63}}},"fnMap":{"0":{"name":"listOfBookHavingBookId","decl":{"start":{"line":9,"column":15},"end":{"line":9,"column":37}},"loc":{"start":{"line":9,"column":43},"end":{"line":12,"column":1}},"line":9}},"branchMap":{},"s":{"0":3,"1":0,"2":0,"3":3},"f":{"0":0},"b":{},"_coverageSchema":"1a1c01bbd47fc00a2c39e90264f33305004495a9","hash":"739df2d4c17562447265138a793925d20dc1001b"}
,"/home/nirdesh/assignments/Bookstore/data/rented.js": {"path":"/home/nirdesh/assignments/Bookstore/data/rented.js","statementMap":{"0":{"start":{"line":3,"column":4},"end":{"line":3,"column":32}},"1":{"start":{"line":10,"column":19},"end":{"line":12,"column":6}},"2":{"start":{"line":13,"column":4},"end":{"line":13,"column":18}},"3":{"start":{"line":22,"column":19},"end":{"line":24,"column":6}},"4":{"start":{"line":25,"column":4},"end":{"line":25,"column":18}},"5":{"start":{"line":27,"column":0},"end":{"line":27,"column":59}},"6":{"start":{"line":28,"column":0},"end":{"line":28,"column":63}}},"fnMap":{"0":{"name":"listContainingBookId","decl":{"start":{"line":9,"column":15},"end":{"line":9,"column":35}},"loc":{"start":{"line":9,"column":41},"end":{"line":14,"column":1}},"line":9},"1":{"name":"listOfBookRentedByUser","decl":{"start":{"line":21,"column":15},"end":{"line":21,"column":37}},"loc":{"start":{"line":21,"column":43},"end":{"line":26,"column":1}},"line":21}},"branchMap":{},"s":{"0":3,"1":0,"2":0,"3":2,"4":2,"5":3,"6":3},"f":{"0":0,"1":2},"b":{},"_coverageSchema":"1a1c01bbd47fc00a2c39e90264f33305004495a9","hash":"271da776e54fcc995927aaddaf0b2ade27839d50"}
,"/home/nirdesh/assignments/Bookstore/middlewares/admin.js": {"path":"/home/nirdesh/assignments/Bookstore/middlewares/admin.js","statementMap":{"0":{"start":{"line":7,"column":0},"end":{"line":10,"column":1}},"1":{"start":{"line":8,"column":4},"end":{"line":8,"column":72}},"2":{"start":{"line":8,"column":27},"end":{"line":8,"column":72}},"3":{"start":{"line":9,"column":4},"end":{"line":9,"column":11}}},"fnMap":{"0":{"name":"(anonymous_0)","decl":{"start":{"line":7,"column":17},"end":{"line":7,"column":18}},"loc":{"start":{"line":7,"column":43},"end":{"line":10,"column":1}},"line":7}},"branchMap":{"0":{"loc":{"start":{"line":8,"column":4},"end":{"line":8,"column":72}},"type":"if","locations":[{"start":{"line":8,"column":4},"end":{"line":8,"column":72}},{"start":{"line":8,"column":4},"end":{"line":8,"column":72}}],"line":8}},"s":{"0":3,"1":8,"2":0,"3":8},"f":{"0":8},"b":{"0":[0,8]},"_coverageSchema":"1a1c01bbd47fc00a2c39e90264f33305004495a9","hash":"ccde11b4da7ddd71e3102cbae713906c742e2506"}
,"/home/nirdesh/assignments/Bookstore/middlewares/async.js": {"path":"/home/nirdesh/assignments/Bookstore/middlewares/async.js","statementMap":{"0":{"start":{"line":5,"column":0},"end":{"line":13,"column":1}},"1":{"start":{"line":6,"column":4},"end":{"line":12,"column":6}},"2":{"start":{"line":7,"column":8},"end":{"line":11,"column":9}},"3":{"start":{"line":8,"column":12},"end":{"line":8,"column":36}},"4":{"start":{"line":10,"column":12},"end":{"line":10,"column":21}}},"fnMap":{"0":{"name":"(anonymous_0)","decl":{"start":{"line":5,"column":17},"end":{"line":5,"column":18}},"loc":{"start":{"line":5,"column":36},"end":{"line":13,"column":1}},"line":5},"1":{"name":"(anonymous_1)","decl":{"start":{"line":6,"column":11},"end":{"line":6,"column":12}},"loc":{"start":{"line":6,"column":37},"end":{"line":12,"column":5}},"line":6}},"branchMap":{},"s":{"0":3,"1":33,"2":29,"3":29,"4":0},"f":{"0":33,"1":29},"b":{},"_coverageSchema":"1a1c01bbd47fc00a2c39e90264f33305004495a9","hash":"52c58a5006d53d39916ed284f1b75b742b947a3e"}
,"/home/nirdesh/assignments/Bookstore/middlewares/auth.js": {"path":"/home/nirdesh/assignments/Bookstore/middlewares/auth.js","statementMap":{"0":{"start":{"line":1,"column":12},"end":{"line":1,"column":35}},"1":{"start":{"line":2,"column":15},"end":{"line":2,"column":32}},"2":{"start":{"line":9,"column":0},"end":{"line":20,"column":1}},"3":{"start":{"line":10,"column":18},"end":{"line":10,"column":44}},"4":{"start":{"line":11,"column":4},"end":{"line":11,"column":81}},"5":{"start":{"line":11,"column":16},"end":{"line":11,"column":81}},"6":{"start":{"line":13,"column":4},"end":{"line":19,"column":5}},"7":{"start":{"line":14,"column":24},"end":{"line":14,"column":70}},"8":{"start":{"line":15,"column":8},"end":{"line":15,"column":27}},"9":{"start":{"line":16,"column":8},"end":{"line":16,"column":15}},"10":{"start":{"line":18,"column":8},"end":{"line":18,"column":47}}},"fnMap":{"0":{"name":"(anonymous_0)","decl":{"start":{"line":9,"column":17},"end":{"line":9,"column":18}},"loc":{"start":{"line":9,"column":43},"end":{"line":20,"column":1}},"line":9}},"branchMap":{"0":{"loc":{"start":{"line":11,"column":4},"end":{"line":11,"column":81}},"type":"if","locations":[{"start":{"line":11,"column":4},"end":{"line":11,"column":81}},{"start":{"line":11,"column":4},"end":{"line":11,"column":81}}],"line":11}},"s":{"0":3,"1":3,"2":3,"3":30,"4":30,"5":4,"6":26,"7":26,"8":22,"9":22,"10":4},"f":{"0":30},"b":{"0":[4,26]},"_coverageSchema":"1a1c01bbd47fc00a2c39e90264f33305004495a9","hash":"878976466b90df55a054c95c8e1b777afd825f99"}
,"/home/nirdesh/assignments/Bookstore/middlewares/error.js": {"path":"/home/nirdesh/assignments/Bookstore/middlewares/error.js","statementMap":{"0":{"start":{"line":8,"column":0},"end":{"line":11,"column":1}},"1":{"start":{"line":10,"column":4},"end":{"line":10,"column":46}}},"fnMap":{"0":{"name":"(anonymous_0)","decl":{"start":{"line":8,"column":17},"end":{"line":8,"column":18}},"loc":{"start":{"line":8,"column":48},"end":{"line":11,"column":1}},"line":8}},"branchMap":{},"s":{"0":3,"1":0},"f":{"0":0},"b":{},"_coverageSchema":"1a1c01bbd47fc00a2c39e90264f33305004495a9","hash":"3fd6f2c94c5bae1ece86c0a1f56f795dba345e62"}
,"/home/nirdesh/assignments/Bookstore/models/book.js": {"path":"/home/nirdesh/assignments/Bookstore/models/book.js","statementMap":{"0":{"start":{"line":1,"column":12},"end":{"line":1,"column":26}},"1":{"start":{"line":2,"column":17},"end":{"line":2,"column":36}},"2":{"start":{"line":8,"column":13},"end":{"line":46,"column":3}},"3":{"start":{"line":53,"column":19},"end":{"line":61,"column":6}},"4":{"start":{"line":63,"column":4},"end":{"line":63,"column":33}},"5":{"start":{"line":66,"column":0},"end":{"line":66,"column":20}},"6":{"start":{"line":67,"column":0},"end":{"line":67,"column":32}}},"fnMap":{"0":{"name":"validateBook","decl":{"start":{"line":52,"column":9},"end":{"line":52,"column":21}},"loc":{"start":{"line":52,"column":28},"end":{"line":64,"column":1}},"line":52}},"branchMap":{},"s":{"0":3,"1":3,"2":3,"3":2,"4":2,"5":3,"6":3},"f":{"0":2},"b":{},"_coverageSchema":"1a1c01bbd47fc00a2c39e90264f33305004495a9","hash":"8df15c46f99e5680cc354238d3cd72b997d5d5fd"}
,"/home/nirdesh/assignments/Bookstore/models/renters.js": {"path":"/home/nirdesh/assignments/Bookstore/models/renters.js","statementMap":{"0":{"start":{"line":1,"column":12},"end":{"line":1,"column":26}},"1":{"start":{"line":2,"column":17},"end":{"line":2,"column":36}},"2":{"start":{"line":7,"column":15},"end":{"line":30,"column":3}},"3":{"start":{"line":37,"column":0},"end":{"line":46,"column":1}},"4":{"start":{"line":38,"column":19},"end":{"line":44,"column":6}},"5":{"start":{"line":45,"column":4},"end":{"line":45,"column":36}},"6":{"start":{"line":48,"column":0},"end":{"line":48,"column":31}}},"fnMap":{"0":{"name":"validateRenter","decl":{"start":{"line":37,"column":35},"end":{"line":37,"column":49}},"loc":{"start":{"line":37,"column":59},"end":{"line":46,"column":1}},"line":37}},"branchMap":{},"s":{"0":3,"1":3,"2":3,"3":3,"4":0,"5":0,"6":3},"f":{"0":0},"b":{},"_coverageSchema":"1a1c01bbd47fc00a2c39e90264f33305004495a9","hash":"6069547b88de23fd679e51002fdc6b6f92404072"}
,"/home/nirdesh/assignments/Bookstore/models/user.js": {"path":"/home/nirdesh/assignments/Bookstore/models/user.js","statementMap":{"0":{"start":{"line":1,"column":17},"end":{"line":1,"column":36}},"1":{"start":{"line":2,"column":15},"end":{"line":2,"column":32}},"2":{"start":{"line":3,"column":12},"end":{"line":3,"column":35}},"3":{"start":{"line":4,"column":12},"end":{"line":4,"column":26}},"4":{"start":{"line":8,"column":19},"end":{"line":35,"column":2}},"5":{"start":{"line":39,"column":0},"end":{"line":45,"column":1}},"6":{"start":{"line":40,"column":18},"end":{"line":43,"column":35}},"7":{"start":{"line":44,"column":4},"end":{"line":44,"column":17}},"8":{"start":{"line":47,"column":13},"end":{"line":47,"column":47}},"9":{"start":{"line":52,"column":0},"end":{"line":61,"column":1}},"10":{"start":{"line":53,"column":19},"end":{"line":59,"column":6}},"11":{"start":{"line":60,"column":4},"end":{"line":60,"column":33}},"12":{"start":{"line":63,"column":0},"end":{"line":63,"column":27}}},"fnMap":{"0":{"name":"(anonymous_0)","decl":{"start":{"line":39,"column":39},"end":{"line":39,"column":40}},"loc":{"start":{"line":39,"column":51},"end":{"line":45,"column":1}},"line":39},"1":{"name":"validateUser","decl":{"start":{"line":52,"column":35},"end":{"line":52,"column":47}},"loc":{"start":{"line":52,"column":54},"end":{"line":61,"column":1}},"line":52}},"branchMap":{},"s":{"0":3,"1":3,"2":3,"3":3,"4":3,"5":3,"6":2,"7":2,"8":3,"9":3,"10":3,"11":3,"12":3},"f":{"0":2,"1":3},"b":{},"_coverageSchema":"1a1c01bbd47fc00a2c39e90264f33305004495a9","hash":"afdbb1efde166b59da25c2716a101845a312f2ef"}
,"/home/nirdesh/assignments/Bookstore/routes/books.js": {"path":"/home/nirdesh/assignments/Bookstore/routes/books.js","statementMap":{"0":{"start":{"line":4,"column":4},"end":{"line":4,"column":29}},"1":{"start":{"line":5,"column":24},"end":{"line":5,"column":55}},"2":{"start":{"line":6,"column":13},"end":{"line":6,"column":43}},"3":{"start":{"line":7,"column":14},"end":{"line":7,"column":45}},"4":{"start":{"line":8,"column":16},"end":{"line":8,"column":34}},"5":{"start":{"line":9,"column":15},"end":{"line":9,"column":31}},"6":{"start":{"line":14,"column":0},"end":{"line":32,"column":3}},"7":{"start":{"line":17,"column":8},"end":{"line":17,"column":26}},"8":{"start":{"line":18,"column":4},"end":{"line":18,"column":69}},"9":{"start":{"line":18,"column":15},"end":{"line":18,"column":69}},"10":{"start":{"line":20,"column":15},"end":{"line":28,"column":6}},"11":{"start":{"line":29,"column":4},"end":{"line":29,"column":29}},"12":{"start":{"line":30,"column":4},"end":{"line":30,"column":19}},"13":{"start":{"line":37,"column":0},"end":{"line":45,"column":3}},"14":{"start":{"line":38,"column":4},"end":{"line":44,"column":5}},"15":{"start":{"line":39,"column":22},"end":{"line":39,"column":40}},"16":{"start":{"line":40,"column":8},"end":{"line":40,"column":43}},"17":{"start":{"line":42,"column":22},"end":{"line":42,"column":39}},"18":{"start":{"line":43,"column":8},"end":{"line":43,"column":24}},"19":{"start":{"line":52,"column":0},"end":{"line":80,"column":3}},"20":{"start":{"line":53,"column":4},"end":{"line":79,"column":5}},"21":{"start":{"line":54,"column":23},"end":{"line":56,"column":10}},"22":{"start":{"line":57,"column":8},"end":{"line":58,"column":30}},"23":{"start":{"line":57,"column":33},"end":{"line":57,"column":104}},"24":{"start":{"line":58,"column":13},"end":{"line":58,"column":30}},"25":{"start":{"line":59,"column":11},"end":{"line":79,"column":5}},"26":{"start":{"line":60,"column":23},"end":{"line":62,"column":10}},"27":{"start":{"line":63,"column":8},"end":{"line":64,"column":30}},"28":{"start":{"line":63,"column":33},"end":{"line":63,"column":105}},"29":{"start":{"line":64,"column":13},"end":{"line":64,"column":30}},"30":{"start":{"line":65,"column":11},"end":{"line":79,"column":5}},"31":{"start":{"line":66,"column":23},"end":{"line":68,"column":10}},"32":{"start":{"line":69,"column":8},"end":{"line":70,"column":30}},"33":{"start":{"line":69,"column":33},"end":{"line":69,"column":104}},"34":{"start":{"line":70,"column":13},"end":{"line":70,"column":30}},"35":{"start":{"line":71,"column":11},"end":{"line":79,"column":5}},"36":{"start":{"line":72,"column":23},"end":{"line":76,"column":10}},"37":{"start":{"line":77,"column":8},"end":{"line":78,"column":30}},"38":{"start":{"line":77,"column":33},"end":{"line":77,"column":105}},"39":{"start":{"line":78,"column":13},"end":{"line":78,"column":30}},"40":{"start":{"line":86,"column":0},"end":{"line":121,"column":3}},"41":{"start":{"line":87,"column":25},"end":{"line":87,"column":59}},"42":{"start":{"line":88,"column":4},"end":{"line":88,"column":87}},"43":{"start":{"line":88,"column":23},"end":{"line":88,"column":87}},"44":{"start":{"line":91,"column":4},"end":{"line":91,"column":154}},"45":{"start":{"line":91,"column":83},"end":{"line":91,"column":154}},"46":{"start":{"line":92,"column":4},"end":{"line":92,"column":151}},"47":{"start":{"line":92,"column":81},"end":{"line":92,"column":151}},"48":{"start":{"line":95,"column":4},"end":{"line":119,"column":5}},"49":{"start":{"line":96,"column":8},"end":{"line":102,"column":10}},"50":{"start":{"line":103,"column":11},"end":{"line":119,"column":5}},"51":{"start":{"line":104,"column":8},"end":{"line":110,"column":10}},"52":{"start":{"line":111,"column":11},"end":{"line":119,"column":5}},"53":{"start":{"line":112,"column":8},"end":{"line":118,"column":10}},"54":{"start":{"line":120,"column":4},"end":{"line":120,"column":36}},"55":{"start":{"line":127,"column":0},"end":{"line":136,"column":3}},"56":{"start":{"line":128,"column":19},"end":{"line":128,"column":53}},"57":{"start":{"line":129,"column":4},"end":{"line":129,"column":89}},"58":{"start":{"line":129,"column":25},"end":{"line":129,"column":89}},"59":{"start":{"line":131,"column":4},"end":{"line":133,"column":6}},"60":{"start":{"line":135,"column":4},"end":{"line":135,"column":37}},"61":{"start":{"line":138,"column":0},"end":{"line":138,"column":24}}},"fnMap":{"0":{"name":"(anonymous_0)","decl":{"start":{"line":14,"column":50},"end":{"line":14,"column":51}},"loc":{"start":{"line":14,"column":70},"end":{"line":32,"column":1}},"line":14},"1":{"name":"(anonymous_1)","decl":{"start":{"line":37,"column":47},"end":{"line":37,"column":48}},"loc":{"start":{"line":37,"column":67},"end":{"line":45,"column":1}},"line":37},"2":{"name":"(anonymous_2)","decl":{"start":{"line":52,"column":38},"end":{"line":52,"column":39}},"loc":{"start":{"line":52,"column":58},"end":{"line":80,"column":1}},"line":52},"3":{"name":"(anonymous_3)","decl":{"start":{"line":86,"column":51},"end":{"line":86,"column":52}},"loc":{"start":{"line":86,"column":71},"end":{"line":121,"column":1}},"line":86},"4":{"name":"(anonymous_4)","decl":{"start":{"line":127,"column":53},"end":{"line":127,"column":54}},"loc":{"start":{"line":127,"column":73},"end":{"line":136,"column":1}},"line":127}},"branchMap":{"0":{"loc":{"start":{"line":18,"column":4},"end":{"line":18,"column":69}},"type":"if","locations":[{"start":{"line":18,"column":4},"end":{"line":18,"column":69}},{"start":{"line":18,"column":4},"end":{"line":18,"column":69}}],"line":18},"1":{"loc":{"start":{"line":38,"column":4},"end":{"line":44,"column":5}},"type":"if","locations":[{"start":{"line":38,"column":4},"end":{"line":44,"column":5}},{"start":{"line":38,"column":4},"end":{"line":44,"column":5}}],"line":38},"2":{"loc":{"start":{"line":53,"column":4},"end":{"line":79,"column":5}},"type":"if","locations":[{"start":{"line":53,"column":4},"end":{"line":79,"column":5}},{"start":{"line":53,"column":4},"end":{"line":79,"column":5}}],"line":53},"3":{"loc":{"start":{"line":57,"column":8},"end":{"line":58,"column":30}},"type":"if","locations":[{"start":{"line":57,"column":8},"end":{"line":58,"column":30}},{"start":{"line":57,"column":8},"end":{"line":58,"column":30}}],"line":57},"4":{"loc":{"start":{"line":59,"column":11},"end":{"line":79,"column":5}},"type":"if","locations":[{"start":{"line":59,"column":11},"end":{"line":79,"column":5}},{"start":{"line":59,"column":11},"end":{"line":79,"column":5}}],"line":59},"5":{"loc":{"start":{"line":63,"column":8},"end":{"line":64,"column":30}},"type":"if","locations":[{"start":{"line":63,"column":8},"end":{"line":64,"column":30}},{"start":{"line":63,"column":8},"end":{"line":64,"column":30}}],"line":63},"6":{"loc":{"start":{"line":65,"column":11},"end":{"line":79,"column":5}},"type":"if","locations":[{"start":{"line":65,"column":11},"end":{"line":79,"column":5}},{"start":{"line":65,"column":11},"end":{"line":79,"column":5}}],"line":65},"7":{"loc":{"start":{"line":69,"column":8},"end":{"line":70,"column":30}},"type":"if","locations":[{"start":{"line":69,"column":8},"end":{"line":70,"column":30}},{"start":{"line":69,"column":8},"end":{"line":70,"column":30}}],"line":69},"8":{"loc":{"start":{"line":71,"column":11},"end":{"line":79,"column":5}},"type":"if","locations":[{"start":{"line":71,"column":11},"end":{"line":79,"column":5}},{"start":{"line":71,"column":11},"end":{"line":79,"column":5}}],"line":71},"9":{"loc":{"start":{"line":77,"column":8},"end":{"line":78,"column":30}},"type":"if","locations":[{"start":{"line":77,"column":8},"end":{"line":78,"column":30}},{"start":{"line":77,"column":8},"end":{"line":78,"column":30}}],"line":77},"10":{"loc":{"start":{"line":88,"column":4},"end":{"line":88,"column":87}},"type":"if","locations":[{"start":{"line":88,"column":4},"end":{"line":88,"column":87}},{"start":{"line":88,"column":4},"end":{"line":88,"column":87}}],"line":88},"11":{"loc":{"start":{"line":91,"column":4},"end":{"line":91,"column":154}},"type":"if","locations":[{"start":{"line":91,"column":4},"end":{"line":91,"column":154}},{"start":{"line":91,"column":4},"end":{"line":91,"column":154}}],"line":91},"12":{"loc":{"start":{"line":91,"column":8},"end":{"line":91,"column":81}},"type":"binary-expr","locations":[{"start":{"line":91,"column":8},"end":{"line":91,"column":44}},{"start":{"line":91,"column":48},"end":{"line":91,"column":81}}],"line":91},"13":{"loc":{"start":{"line":92,"column":4},"end":{"line":92,"column":151}},"type":"if","locations":[{"start":{"line":92,"column":4},"end":{"line":92,"column":151}},{"start":{"line":92,"column":4},"end":{"line":92,"column":151}}],"line":92},"14":{"loc":{"start":{"line":92,"column":8},"end":{"line":92,"column":79}},"type":"binary-expr","locations":[{"start":{"line":92,"column":8},"end":{"line":92,"column":43}},{"start":{"line":92,"column":47},"end":{"line":92,"column":79}}],"line":92},"15":{"loc":{"start":{"line":95,"column":4},"end":{"line":119,"column":5}},"type":"if","locations":[{"start":{"line":95,"column":4},"end":{"line":119,"column":5}},{"start":{"line":95,"column":4},"end":{"line":119,"column":5}}],"line":95},"16":{"loc":{"start":{"line":103,"column":11},"end":{"line":119,"column":5}},"type":"if","locations":[{"start":{"line":103,"column":11},"end":{"line":119,"column":5}},{"start":{"line":103,"column":11},"end":{"line":119,"column":5}}],"line":103},"17":{"loc":{"start":{"line":111,"column":11},"end":{"line":119,"column":5}},"type":"if","locations":[{"start":{"line":111,"column":11},"end":{"line":119,"column":5}},{"start":{"line":111,"column":11},"end":{"line":119,"column":5}}],"line":111},"18":{"loc":{"start":{"line":129,"column":4},"end":{"line":129,"column":89}},"type":"if","locations":[{"start":{"line":129,"column":4},"end":{"line":129,"column":89}},{"start":{"line":129,"column":4},"end":{"line":129,"column":89}}],"line":129}},"s":{"0":3,"1":3,"2":3,"3":3,"4":3,"5":3,"6":3,"7":2,"8":2,"9":1,"10":1,"11":1,"12":1,"13":3,"14":2,"15":1,"16":1,"17":1,"18":1,"19":3,"20":8,"21":2,"22":2,"23":1,"24":1,"25":6,"26":2,"27":2,"28":1,"29":1,"30":4,"31":2,"32":2,"33":1,"34":1,"35":2,"36":2,"37":2,"38":1,"39":1,"40":3,"41":6,"42":6,"43":1,"44":5,"45":1,"46":4,"47":1,"48":3,"49":1,"50":2,"51":1,"52":1,"53":1,"54":3,"55":3,"56":2,"57":2,"58":1,"59":1,"60":1,"61":3},"f":{"0":2,"1":2,"2":8,"3":6,"4":2},"b":{"0":[1,1],"1":[1,1],"2":[2,6],"3":[1,1],"4":[2,4],"5":[1,1],"6":[2,2],"7":[1,1],"8":[2,0],"9":[1,1],"10":[1,5],"11":[1,4],"12":[5,2],"13":[1,3],"14":[4,2],"15":[1,2],"16":[1,1],"17":[1,0],"18":[1,1]},"_coverageSchema":"1a1c01bbd47fc00a2c39e90264f33305004495a9","hash":"d9906ed83e4ef4b62b18f5f12b0fc02d45cd0987"}
,"/home/nirdesh/assignments/Bookstore/routes/rented.js": {"path":"/home/nirdesh/assignments/Bookstore/routes/rented.js","statementMap":{"0":{"start":{"line":1,"column":24},"end":{"line":1,"column":55}},"1":{"start":{"line":2,"column":13},"end":{"line":2,"column":43}},"2":{"start":{"line":6,"column":4},"end":{"line":6,"column":32}},"3":{"start":{"line":13,"column":4},"end":{"line":13,"column":32}},"4":{"start":{"line":14,"column":16},"end":{"line":14,"column":34}},"5":{"start":{"line":15,"column":15},"end":{"line":15,"column":31}},"6":{"start":{"line":21,"column":0},"end":{"line":50,"column":3}},"7":{"start":{"line":22,"column":17},"end":{"line":27,"column":5}},"8":{"start":{"line":28,"column":4},"end":{"line":28,"column":22}},"9":{"start":{"line":29,"column":4},"end":{"line":33,"column":5}},"10":{"start":{"line":30,"column":8},"end":{"line":30,"column":40}},"11":{"start":{"line":32,"column":8},"end":{"line":32,"column":64}},"12":{"start":{"line":35,"column":4},"end":{"line":39,"column":5}},"13":{"start":{"line":36,"column":8},"end":{"line":36,"column":38}},"14":{"start":{"line":38,"column":8},"end":{"line":38,"column":64}},"15":{"start":{"line":44,"column":8},"end":{"line":44,"column":26}},"16":{"start":{"line":45,"column":4},"end":{"line":45,"column":69}},"17":{"start":{"line":45,"column":15},"end":{"line":45,"column":69}},"18":{"start":{"line":47,"column":17},"end":{"line":47,"column":36}},"19":{"start":{"line":49,"column":4},"end":{"line":49,"column":19}},"20":{"start":{"line":56,"column":0},"end":{"line":59,"column":3}},"21":{"start":{"line":57,"column":19},"end":{"line":57,"column":47}},"22":{"start":{"line":58,"column":4},"end":{"line":58,"column":20}},"23":{"start":{"line":65,"column":0},"end":{"line":68,"column":3}},"24":{"start":{"line":66,"column":23},"end":{"line":66,"column":49}},"25":{"start":{"line":67,"column":4},"end":{"line":67,"column":25}},"26":{"start":{"line":71,"column":0},"end":{"line":71,"column":24}}},"fnMap":{"0":{"name":"(anonymous_0)","decl":{"start":{"line":21,"column":51},"end":{"line":21,"column":52}},"loc":{"start":{"line":21,"column":71},"end":{"line":50,"column":1}},"line":21},"1":{"name":"(anonymous_1)","decl":{"start":{"line":56,"column":54},"end":{"line":56,"column":55}},"loc":{"start":{"line":56,"column":74},"end":{"line":59,"column":1}},"line":56},"2":{"name":"(anonymous_2)","decl":{"start":{"line":65,"column":57},"end":{"line":65,"column":58}},"loc":{"start":{"line":65,"column":77},"end":{"line":68,"column":1}},"line":65}},"branchMap":{"0":{"loc":{"start":{"line":45,"column":4},"end":{"line":45,"column":69}},"type":"if","locations":[{"start":{"line":45,"column":4},"end":{"line":45,"column":69}},{"start":{"line":45,"column":4},"end":{"line":45,"column":69}}],"line":45}},"s":{"0":3,"1":3,"2":3,"3":3,"4":3,"5":3,"6":3,"7":0,"8":0,"9":0,"10":0,"11":0,"12":0,"13":0,"14":0,"15":0,"16":0,"17":0,"18":0,"19":0,"20":3,"21":1,"22":1,"23":3,"24":1,"25":1,"26":3},"f":{"0":0,"1":1,"2":1},"b":{"0":[0,0]},"_coverageSchema":"1a1c01bbd47fc00a2c39e90264f33305004495a9","hash":"ee032a33a08656172f2af7fa7499733633ae5764"}
,"/home/nirdesh/assignments/Bookstore/routes/users.js": {"path":"/home/nirdesh/assignments/Bookstore/routes/users.js","statementMap":{"0":{"start":{"line":4,"column":4},"end":{"line":4,"column":29}},"1":{"start":{"line":5,"column":10},"end":{"line":5,"column":27}},"2":{"start":{"line":6,"column":24},"end":{"line":6,"column":55}},"3":{"start":{"line":7,"column":13},"end":{"line":7,"column":43}},"4":{"start":{"line":8,"column":12},"end":{"line":8,"column":26}},"5":{"start":{"line":9,"column":15},"end":{"line":9,"column":32}},"6":{"start":{"line":10,"column":16},"end":{"line":10,"column":34}},"7":{"start":{"line":11,"column":15},"end":{"line":11,"column":31}},"8":{"start":{"line":18,"column":0},"end":{"line":21,"column":3}},"9":{"start":{"line":19,"column":17},"end":{"line":19,"column":50}},"10":{"start":{"line":20,"column":4},"end":{"line":20,"column":60}},"11":{"start":{"line":28,"column":0},"end":{"line":50,"column":3}},"12":{"start":{"line":31,"column":8},"end":{"line":31,"column":26}},"13":{"start":{"line":32,"column":4},"end":{"line":32,"column":69}},"14":{"start":{"line":32,"column":15},"end":{"line":32,"column":69}},"15":{"start":{"line":34,"column":15},"end":{"line":36,"column":6}},"16":{"start":{"line":37,"column":4},"end":{"line":37,"column":81}},"17":{"start":{"line":37,"column":14},"end":{"line":37,"column":81}},"18":{"start":{"line":39,"column":4},"end":{"line":44,"column":6}},"19":{"start":{"line":45,"column":17},"end":{"line":45,"column":41}},"20":{"start":{"line":46,"column":4},"end":{"line":46,"column":59}},"21":{"start":{"line":47,"column":4},"end":{"line":47,"column":22}},"22":{"start":{"line":48,"column":18},"end":{"line":48,"column":42}},"23":{"start":{"line":49,"column":4},"end":{"line":49,"column":90}},"24":{"start":{"line":57,"column":23},"end":{"line":63,"column":1}},"25":{"start":{"line":58,"column":19},"end":{"line":61,"column":6}},"26":{"start":{"line":62,"column":4},"end":{"line":62,"column":32}},"27":{"start":{"line":70,"column":0},"end":{"line":86,"column":3}},"28":{"start":{"line":73,"column":8},"end":{"line":73,"column":32}},"29":{"start":{"line":74,"column":4},"end":{"line":74,"column":69}},"30":{"start":{"line":74,"column":15},"end":{"line":74,"column":69}},"31":{"start":{"line":76,"column":15},"end":{"line":78,"column":6}},"32":{"start":{"line":79,"column":4},"end":{"line":79,"column":72}},"33":{"start":{"line":79,"column":15},"end":{"line":79,"column":72}},"34":{"start":{"line":81,"column":26},"end":{"line":81,"column":80}},"35":{"start":{"line":82,"column":4},"end":{"line":82,"column":81}},"36":{"start":{"line":82,"column":24},"end":{"line":82,"column":81}},"37":{"start":{"line":84,"column":18},"end":{"line":84,"column":42}},"38":{"start":{"line":85,"column":4},"end":{"line":85,"column":20}},"39":{"start":{"line":88,"column":0},"end":{"line":88,"column":24}}},"fnMap":{"0":{"name":"(anonymous_0)","decl":{"start":{"line":18,"column":40},"end":{"line":18,"column":41}},"loc":{"start":{"line":18,"column":60},"end":{"line":21,"column":1}},"line":18},"1":{"name":"(anonymous_1)","decl":{"start":{"line":28,"column":41},"end":{"line":28,"column":42}},"loc":{"start":{"line":28,"column":61},"end":{"line":50,"column":1}},"line":28},"2":{"name":"(anonymous_2)","decl":{"start":{"line":57,"column":23},"end":{"line":57,"column":24}},"loc":{"start":{"line":57,"column":38},"end":{"line":63,"column":1}},"line":57},"3":{"name":"(anonymous_3)","decl":{"start":{"line":70,"column":38},"end":{"line":70,"column":39}},"loc":{"start":{"line":70,"column":58},"end":{"line":86,"column":1}},"line":70}},"branchMap":{"0":{"loc":{"start":{"line":32,"column":4},"end":{"line":32,"column":69}},"type":"if","locations":[{"start":{"line":32,"column":4},"end":{"line":32,"column":69}},{"start":{"line":32,"column":4},"end":{"line":32,"column":69}}],"line":32},"1":{"loc":{"start":{"line":37,"column":4},"end":{"line":37,"column":81}},"type":"if","locations":[{"start":{"line":37,"column":4},"end":{"line":37,"column":81}},{"start":{"line":37,"column":4},"end":{"line":37,"column":81}}],"line":37},"2":{"loc":{"start":{"line":74,"column":4},"end":{"line":74,"column":69}},"type":"if","locations":[{"start":{"line":74,"column":4},"end":{"line":74,"column":69}},{"start":{"line":74,"column":4},"end":{"line":74,"column":69}}],"line":74},"3":{"loc":{"start":{"line":79,"column":4},"end":{"line":79,"column":72}},"type":"if","locations":[{"start":{"line":79,"column":4},"end":{"line":79,"column":72}},{"start":{"line":79,"column":4},"end":{"line":79,"column":72}}],"line":79},"4":{"loc":{"start":{"line":82,"column":4},"end":{"line":82,"column":81}},"type":"if","locations":[{"start":{"line":82,"column":4},"end":{"line":82,"column":81}},{"start":{"line":82,"column":4},"end":{"line":82,"column":81}}],"line":82}},"s":{"0":3,"1":3,"2":3,"3":3,"4":3,"5":3,"6":3,"7":3,"8":3,"9":0,"10":0,"11":3,"12":3,"13":3,"14":2,"15":1,"16":1,"17":0,"18":1,"19":1,"20":1,"21":1,"22":1,"23":1,"24":3,"25":4,"26":4,"27":3,"28":4,"29":4,"30":2,"31":2,"32":2,"33":1,"34":1,"35":1,"36":0,"37":1,"38":1,"39":3},"f":{"0":0,"1":3,"2":4,"3":4},"b":{"0":[2,1],"1":[0,1],"2":[2,2],"3":[1,1],"4":[0,1]},"_coverageSchema":"1a1c01bbd47fc00a2c39e90264f33305004495a9","hash":"0d1f9b39e1432db8aae5b928cab1bc98bb3b59f4"}
,"/home/nirdesh/assignments/Bookstore/service/rented.js": {"path":"/home/nirdesh/assignments/Bookstore/service/rented.js","statementMap":{"0":{"start":{"line":3,"column":4},"end":{"line":3,"column":32}},"1":{"start":{"line":7,"column":4},"end":{"line":7,"column":29}},"2":{"start":{"line":10,"column":4},"end":{"line":10,"column":28}},"3":{"start":{"line":15,"column":8},"end":{"line":15,"column":23}},"4":{"start":{"line":16,"column":8},"end":{"line":16,"column":38}},"5":{"start":{"line":17,"column":8},"end":{"line":17,"column":30}},"6":{"start":{"line":28,"column":19},"end":{"line":28,"column":50}},"7":{"start":{"line":29,"column":4},"end":{"line":32,"column":5}},"8":{"start":{"line":29,"column":17},"end":{"line":29,"column":18}},"9":{"start":{"line":30,"column":8},"end":{"line":31,"column":102}},"10":{"start":{"line":31,"column":12},"end":{"line":31,"column":102}},"11":{"start":{"line":42,"column":17},"end":{"line":42,"column":50}},"12":{"start":{"line":43,"column":19},"end":{"line":43,"column":50}},"13":{"start":{"line":44,"column":4},"end":{"line":51,"column":5}},"14":{"start":{"line":45,"column":26},"end":{"line":45,"column":28}},"15":{"start":{"line":46,"column":8},"end":{"line":48,"column":9}},"16":{"start":{"line":46,"column":21},"end":{"line":46,"column":22}},"17":{"start":{"line":47,"column":12},"end":{"line":47,"column":52}},"18":{"start":{"line":49,"column":31},"end":{"line":49,"column":53}},"19":{"start":{"line":50,"column":8},"end":{"line":50,"column":93}},"20":{"start":{"line":59,"column":17},"end":{"line":65,"column":6}},"21":{"start":{"line":66,"column":4},"end":{"line":66,"column":22}},"22":{"start":{"line":67,"column":4},"end":{"line":67,"column":16}},"23":{"start":{"line":75,"column":19},"end":{"line":75,"column":52}},"24":{"start":{"line":76,"column":4},"end":{"line":76,"column":18}},"25":{"start":{"line":84,"column":19},"end":{"line":84,"column":52}},"26":{"start":{"line":85,"column":16},"end":{"line":85,"column":18}},"27":{"start":{"line":88,"column":4},"end":{"line":92,"column":5}},"28":{"start":{"line":88,"column":17},"end":{"line":88,"column":18}},"29":{"start":{"line":89,"column":8},"end":{"line":90,"column":40}},"30":{"start":{"line":90,"column":12},"end":{"line":90,"column":40}},"31":{"start":{"line":90,"column":30},"end":{"line":90,"column":40}},"32":{"start":{"line":91,"column":8},"end":{"line":91,"column":63}},"33":{"start":{"line":91,"column":55},"end":{"line":91,"column":63}},"34":{"start":{"line":93,"column":23},"end":{"line":93,"column":25}},"35":{"start":{"line":94,"column":20},"end":{"line":94,"column":21}},"36":{"start":{"line":95,"column":4},"end":{"line":104,"column":5}},"37":{"start":{"line":95,"column":17},"end":{"line":95,"column":22}},"38":{"start":{"line":96,"column":27},"end":{"line":101,"column":9}},"39":{"start":{"line":102,"column":8},"end":{"line":102,"column":40}},"40":{"start":{"line":103,"column":8},"end":{"line":103,"column":38}},"41":{"start":{"line":105,"column":4},"end":{"line":107,"column":7}},"42":{"start":{"line":108,"column":4},"end":{"line":108,"column":22}},"43":{"start":{"line":111,"column":0},"end":{"line":111,"column":59}},"44":{"start":{"line":112,"column":0},"end":{"line":112,"column":55}},"45":{"start":{"line":113,"column":0},"end":{"line":113,"column":35}},"46":{"start":{"line":114,"column":0},"end":{"line":114,"column":49}},"47":{"start":{"line":115,"column":0},"end":{"line":115,"column":53}}},"fnMap":{"0":{"name":"(anonymous_0)","decl":{"start":{"line":14,"column":4},"end":{"line":14,"column":5}},"loc":{"start":{"line":14,"column":25},"end":{"line":18,"column":5}},"line":14},"1":{"name":"checkForBookWithUser","decl":{"start":{"line":27,"column":15},"end":{"line":27,"column":35}},"loc":{"start":{"line":27,"column":41},"end":{"line":33,"column":1}},"line":27},"2":{"name":"bookAvailableAfter","decl":{"start":{"line":41,"column":15},"end":{"line":41,"column":33}},"loc":{"start":{"line":41,"column":39},"end":{"line":52,"column":1}},"line":41},"3":{"name":"rentBook","decl":{"start":{"line":58,"column":15},"end":{"line":58,"column":23}},"loc":{"start":{"line":58,"column":29},"end":{"line":68,"column":1}},"line":58},"4":{"name":"rentedBooksByUser","decl":{"start":{"line":74,"column":15},"end":{"line":74,"column":32}},"loc":{"start":{"line":74,"column":38},"end":{"line":77,"column":1}},"line":74},"5":{"name":"totalInvestment","decl":{"start":{"line":83,"column":15},"end":{"line":83,"column":30}},"loc":{"start":{"line":83,"column":36},"end":{"line":109,"column":1}},"line":83}},"branchMap":{"0":{"loc":{"start":{"line":30,"column":8},"end":{"line":31,"column":102}},"type":"if","locations":[{"start":{"line":30,"column":8},"end":{"line":31,"column":102}},{"start":{"line":30,"column":8},"end":{"line":31,"column":102}}],"line":30},"1":{"loc":{"start":{"line":44,"column":4},"end":{"line":51,"column":5}},"type":"if","locations":[{"start":{"line":44,"column":4},"end":{"line":51,"column":5}},{"start":{"line":44,"column":4},"end":{"line":51,"column":5}}],"line":44},"2":{"loc":{"start":{"line":89,"column":8},"end":{"line":90,"column":40}},"type":"if","locations":[{"start":{"line":89,"column":8},"end":{"line":90,"column":40}},{"start":{"line":89,"column":8},"end":{"line":90,"column":40}}],"line":89},"3":{"loc":{"start":{"line":90,"column":12},"end":{"line":90,"column":40}},"type":"if","locations":[{"start":{"line":90,"column":12},"end":{"line":90,"column":40}},{"start":{"line":90,"column":12},"end":{"line":90,"column":40}}],"line":90},"4":{"loc":{"start":{"line":91,"column":8},"end":{"line":91,"column":63}},"type":"if","locations":[{"start":{"line":91,"column":8},"end":{"line":91,"column":63}},{"start":{"line":91,"column":8},"end":{"line":91,"column":63}}],"line":91}},"s":{"0":3,"1":3,"2":3,"3":0,"4":0,"5":0,"6":0,"7":0,"8":0,"9":0,"10":0,"11":0,"12":0,"13":0,"14":0,"15":0,"16":0,"17":0,"18":0,"19":0,"20":0,"21":0,"22":0,"23":1,"24":1,"25":1,"26":1,"27":1,"28":1,"29":3,"30":3,"31":1,"32":3,"33":2,"34":1,"35":1,"36":1,"37":1,"38":2,"39":2,"40":2,"41":1,"42":1,"43":3,"44":3,"45":3,"46":3,"47":3},"f":{"0":0,"1":0,"2":0,"3":0,"4":1,"5":1},"b":{"0":[0,0],"1":[0,0],"2":[3,0],"3":[1,2],"4":[2,1]},"_coverageSchema":"1a1c01bbd47fc00a2c39e90264f33305004495a9","hash":"468b4c41fb7a8f0af645d8b29af1e5b0deef0141"}
}
