TN:
SF:index.js
FN:19,(anonymous_0)
FN:20,(anonymous_1)
FNF:2
FNH:1
FNDA:3,(anonymous_0)
FNDA:0,(anonymous_1)
DA:1,3
DA:2,3
DA:3,3
DA:4,3
DA:5,3
DA:6,3
DA:7,3
DA:8,3
DA:9,3
DA:12,3
DA:13,0
DA:14,0
DA:18,3
DA:19,3
DA:20,0
DA:23,3
DA:24,3
DA:25,3
DA:26,3
DA:27,3
DA:29,3
LF:21
LH:18
BRDA:12,0,0,0
BRDA:12,0,1,3
BRF:2
BRH:1
end_of_record
TN:
SF:data/books.js
FN:9,listOfBookHavingBookId
FNF:1
FNH:0
FNDA:0,listOfBookHavingBookId
DA:3,3
DA:10,0
DA:11,0
DA:14,3
LF:4
LH:2
BRF:0
BRH:0
end_of_record
TN:
SF:data/rented.js
FN:9,listContainingBookId
FN:21,listOfBookRentedByUser
FNF:2
FNH:1
FNDA:0,listContainingBookId
FNDA:2,listOfBookRentedByUser
DA:3,3
DA:10,0
DA:13,0
DA:22,2
DA:25,2
DA:27,3
DA:28,3
LF:7
LH:5
BRF:0
BRH:0
end_of_record
TN:
SF:middlewares/admin.js
FN:7,(anonymous_0)
FNF:1
FNH:1
FNDA:8,(anonymous_0)
DA:7,3
DA:8,8
DA:9,8
LF:3
LH:3
BRDA:8,0,0,0
BRDA:8,0,1,8
BRF:2
BRH:1
end_of_record
TN:
SF:middlewares/async.js
FN:5,(anonymous_0)
FN:6,(anonymous_1)
FNF:2
FNH:2
FNDA:33,(anonymous_0)
FNDA:29,(anonymous_1)
DA:5,3
DA:6,33
DA:7,29
DA:8,29
DA:10,0
LF:5
LH:4
BRF:0
BRH:0
end_of_record
TN:
SF:middlewares/auth.js
FN:9,(anonymous_0)
FNF:1
FNH:1
FNDA:30,(anonymous_0)
DA:1,3
DA:2,3
DA:9,3
DA:10,30
DA:11,30
DA:13,26
DA:14,26
DA:15,22
DA:16,22
DA:18,4
LF:10
LH:10
BRDA:11,0,0,4
BRDA:11,0,1,26
BRF:2
BRH:2
end_of_record
TN:
SF:middlewares/error.js
FN:8,(anonymous_0)
FNF:1
FNH:0
FNDA:0,(anonymous_0)
DA:8,3
DA:10,0
LF:2
LH:1
BRF:0
BRH:0
end_of_record
TN:
SF:models/book.js
FN:52,validateBook
FNF:1
FNH:1
FNDA:2,validateBook
DA:1,3
DA:2,3
DA:8,3
DA:53,2
DA:63,2
DA:66,3
DA:67,3
LF:7
LH:7
BRF:0
BRH:0
end_of_record
TN:
SF:models/renters.js
FN:37,validateRenter
FNF:1
FNH:0
FNDA:0,validateRenter
DA:1,3
DA:2,3
DA:7,3
DA:37,3
DA:38,0
DA:45,0
DA:48,3
LF:7
LH:5
BRF:0
BRH:0
end_of_record
TN:
SF:models/user.js
FN:39,(anonymous_0)
FN:52,validateUser
FNF:2
FNH:2
FNDA:2,(anonymous_0)
FNDA:3,validateUser
DA:1,3
DA:2,3
DA:3,3
DA:4,3
DA:8,3
DA:39,3
DA:40,2
DA:44,2
DA:47,3
DA:52,3
DA:53,3
DA:60,3
DA:63,3
LF:13
LH:13
BRF:0
BRH:0
end_of_record
TN:
SF:routes/books.js
FN:14,(anonymous_0)
FN:37,(anonymous_1)
FN:52,(anonymous_2)
FN:86,(anonymous_3)
FN:127,(anonymous_4)
FNF:5
FNH:5
FNDA:2,(anonymous_0)
FNDA:2,(anonymous_1)
FNDA:8,(anonymous_2)
FNDA:6,(anonymous_3)
FNDA:2,(anonymous_4)
DA:4,3
DA:5,3
DA:6,3
DA:7,3
DA:8,3
DA:9,3
DA:14,3
DA:17,2
DA:18,2
DA:20,1
DA:29,1
DA:30,1
DA:37,3
DA:38,2
DA:39,1
DA:40,1
DA:42,1
DA:43,1
DA:52,3
DA:53,8
DA:54,2
DA:57,2
DA:58,1
DA:59,6
DA:60,2
DA:63,2
DA:64,1
DA:65,4
DA:66,2
DA:69,2
DA:70,1
DA:71,2
DA:72,2
DA:77,2
DA:78,1
DA:86,3
DA:87,6
DA:88,6
DA:91,5
DA:92,4
DA:95,3
DA:96,1
DA:103,2
DA:104,1
DA:111,1
DA:112,1
DA:120,3
DA:127,3
DA:128,2
DA:129,2
DA:131,1
DA:135,1
DA:138,3
LF:53
LH:53
BRDA:18,0,0,1
BRDA:18,0,1,1
BRDA:38,1,0,1
BRDA:38,1,1,1
BRDA:53,2,0,2
BRDA:53,2,1,6
BRDA:57,3,0,1
BRDA:57,3,1,1
BRDA:59,4,0,2
BRDA:59,4,1,4
BRDA:63,5,0,1
BRDA:63,5,1,1
BRDA:65,6,0,2
BRDA:65,6,1,2
BRDA:69,7,0,1
BRDA:69,7,1,1
BRDA:71,8,0,2
BRDA:71,8,1,0
BRDA:77,9,0,1
BRDA:77,9,1,1
BRDA:88,10,0,1
BRDA:88,10,1,5
BRDA:91,11,0,1
BRDA:91,11,1,4
BRDA:91,12,0,5
BRDA:91,12,1,2
BRDA:92,13,0,1
BRDA:92,13,1,3
BRDA:92,14,0,4
BRDA:92,14,1,2
BRDA:95,15,0,1
BRDA:95,15,1,2
BRDA:103,16,0,1
BRDA:103,16,1,1
BRDA:111,17,0,1
BRDA:111,17,1,0
BRDA:129,18,0,1
BRDA:129,18,1,1
BRF:38
BRH:36
end_of_record
TN:
SF:routes/rented.js
FN:21,(anonymous_0)
FN:56,(anonymous_1)
FN:65,(anonymous_2)
FNF:3
FNH:2
FNDA:0,(anonymous_0)
FNDA:1,(anonymous_1)
FNDA:1,(anonymous_2)
DA:1,3
DA:2,3
DA:6,3
DA:13,3
DA:14,3
DA:15,3
DA:21,3
DA:22,0
DA:28,0
DA:29,0
DA:30,0
DA:32,0
DA:35,0
DA:36,0
DA:38,0
DA:44,0
DA:45,0
DA:47,0
DA:49,0
DA:56,3
DA:57,1
DA:58,1
DA:65,3
DA:66,1
DA:67,1
DA:71,3
LF:26
LH:14
BRDA:45,0,0,0
BRDA:45,0,1,0
BRF:2
BRH:0
end_of_record
TN:
SF:routes/users.js
FN:18,(anonymous_0)
FN:28,(anonymous_1)
FN:57,(anonymous_2)
FN:70,(anonymous_3)
FNF:4
FNH:3
FNDA:0,(anonymous_0)
FNDA:3,(anonymous_1)
FNDA:4,(anonymous_2)
FNDA:4,(anonymous_3)
DA:4,3
DA:5,3
DA:6,3
DA:7,3
DA:8,3
DA:9,3
DA:10,3
DA:11,3
DA:18,3
DA:19,0
DA:20,0
DA:28,3
DA:31,3
DA:32,3
DA:34,1
DA:37,1
DA:39,1
DA:45,1
DA:46,1
DA:47,1
DA:48,1
DA:49,1
DA:57,3
DA:58,4
DA:62,4
DA:70,3
DA:73,4
DA:74,4
DA:76,2
DA:79,2
DA:81,1
DA:82,1
DA:84,1
DA:85,1
DA:88,3
LF:35
LH:33
BRDA:32,0,0,2
BRDA:32,0,1,1
BRDA:37,1,0,0
BRDA:37,1,1,1
BRDA:74,2,0,2
BRDA:74,2,1,2
BRDA:79,3,0,1
BRDA:79,3,1,1
BRDA:82,4,0,0
BRDA:82,4,1,1
BRF:10
BRH:8
end_of_record
TN:
SF:service/rented.js
FN:14,(anonymous_0)
FN:27,checkForBookWithUser
FN:41,bookAvailableAfter
FN:58,rentBook
FN:74,rentedBooksByUser
FN:83,totalInvestment
FNF:6
FNH:2
FNDA:0,(anonymous_0)
FNDA:0,checkForBookWithUser
FNDA:0,bookAvailableAfter
FNDA:0,rentBook
FNDA:1,rentedBooksByUser
FNDA:1,totalInvestment
DA:3,3
DA:7,3
DA:10,3
DA:15,0
DA:16,0
DA:17,0
DA:28,0
DA:29,0
DA:30,0
DA:31,0
DA:42,0
DA:43,0
DA:44,0
DA:45,0
DA:46,0
DA:47,0
DA:49,0
DA:50,0
DA:59,0
DA:66,0
DA:67,0
DA:75,1
DA:76,1
DA:84,1
DA:85,1
DA:88,1
DA:89,3
DA:90,3
DA:91,3
DA:93,1
DA:94,1
DA:95,1
DA:96,2
DA:102,2
DA:103,2
DA:105,1
DA:108,1
DA:111,3
DA:112,3
DA:113,3
DA:114,3
DA:115,3
LF:42
LH:24
BRDA:30,0,0,0
BRDA:30,0,1,0
BRDA:44,1,0,0
BRDA:44,1,1,0
BRDA:89,2,0,3
BRDA:89,2,1,0
BRDA:90,3,0,1
BRDA:90,3,1,2
BRDA:91,4,0,2
BRDA:91,4,1,1
BRF:10
BRH:5
end_of_record
